<?xml version="1.0" encoding="UTF-8"?>
<testsuite xmlns:xsi="http://www.w3.org/2001/XMLSchema-instance" xsi:noNamespaceSchemaLocation="https://maven.apache.org/surefire/maven-surefire-plugin/xsd/surefire-test-report-3.0.xsd" version="3.0" name="tech.pardus.utilities.test.PAssertsTest" time="0.139" tests="93" errors="0" skipped="0" failures="0">
  <properties>
    <property name="sun.desktop" value="gnome"/>
    <property name="awt.toolkit" value="sun.awt.X11.XToolkit"/>
    <property name="java.specification.version" value="11"/>
    <property name="sun.cpu.isalist" value=""/>
    <property name="sun.jnu.encoding" value="UTF-8"/>
    <property name="java.class.path" value="/home/edtoktay/Development/Workspace_Gambler/spring_framework/pardus-tools-starter-parent/java-utilities/target/test-classes:/home/edtoktay/Development/Workspace_Gambler/spring_framework/pardus-tools-starter-parent/java-utilities/target/classes:/home/edtoktay/.m2/repository/org/apache/commons/commons-lang3/3.9/commons-lang3-3.9.jar:/home/edtoktay/.m2/repository/org/apache/commons/commons-collections4/4.4/commons-collections4-4.4.jar:/home/edtoktay/.m2/repository/org/slf4j/slf4j-api/1.7.30/slf4j-api-1.7.30.jar:/home/edtoktay/.m2/repository/org/junit/jupiter/junit-jupiter-engine/5.6.2/junit-jupiter-engine-5.6.2.jar:/home/edtoktay/.m2/repository/org/apiguardian/apiguardian-api/1.1.0/apiguardian-api-1.1.0.jar:/home/edtoktay/.m2/repository/org/junit/platform/junit-platform-engine/1.6.2/junit-platform-engine-1.6.2.jar:/home/edtoktay/.m2/repository/org/opentest4j/opentest4j/1.2.0/opentest4j-1.2.0.jar:/home/edtoktay/.m2/repository/org/junit/platform/junit-platform-commons/1.6.2/junit-platform-commons-1.6.2.jar:/home/edtoktay/.m2/repository/org/junit/jupiter/junit-jupiter-api/5.6.2/junit-jupiter-api-5.6.2.jar:"/>
    <property name="java.vm.vendor" value="Ubuntu"/>
    <property name="sun.arch.data.model" value="64"/>
    <property name="java.vendor.url" value="https://ubuntu.com/"/>
    <property name="user.timezone" value="Europe/Istanbul"/>
    <property name="java.vm.specification.version" value="11"/>
    <property name="os.name" value="Linux"/>
    <property name="sun.java.launcher" value="SUN_STANDARD"/>
    <property name="user.country" value="US"/>
    <property name="sun.boot.library.path" value="/usr/lib/jvm/java-11-openjdk-amd64/lib"/>
    <property name="sun.java.command" value="/home/edtoktay/Development/Workspace_Gambler/spring_framework/pardus-tools-starter-parent/java-utilities/target/surefire/surefirebooter11310945065607199317.jar /home/edtoktay/Development/Workspace_Gambler/spring_framework/pardus-tools-starter-parent/java-utilities/target/surefire 2020-09-11T23-21-34_910-jvmRun1 surefire16548827237882270478tmp surefire_09901191791418823192tmp"/>
    <property name="jdk.debug" value="release"/>
    <property name="surefire.test.class.path" value="/home/edtoktay/Development/Workspace_Gambler/spring_framework/pardus-tools-starter-parent/java-utilities/target/test-classes:/home/edtoktay/Development/Workspace_Gambler/spring_framework/pardus-tools-starter-parent/java-utilities/target/classes:/home/edtoktay/.m2/repository/org/apache/commons/commons-lang3/3.9/commons-lang3-3.9.jar:/home/edtoktay/.m2/repository/org/apache/commons/commons-collections4/4.4/commons-collections4-4.4.jar:/home/edtoktay/.m2/repository/org/slf4j/slf4j-api/1.7.30/slf4j-api-1.7.30.jar:/home/edtoktay/.m2/repository/org/junit/jupiter/junit-jupiter-engine/5.6.2/junit-jupiter-engine-5.6.2.jar:/home/edtoktay/.m2/repository/org/apiguardian/apiguardian-api/1.1.0/apiguardian-api-1.1.0.jar:/home/edtoktay/.m2/repository/org/junit/platform/junit-platform-engine/1.6.2/junit-platform-engine-1.6.2.jar:/home/edtoktay/.m2/repository/org/opentest4j/opentest4j/1.2.0/opentest4j-1.2.0.jar:/home/edtoktay/.m2/repository/org/junit/platform/junit-platform-commons/1.6.2/junit-platform-commons-1.6.2.jar:/home/edtoktay/.m2/repository/org/junit/jupiter/junit-jupiter-api/5.6.2/junit-jupiter-api-5.6.2.jar:"/>
    <property name="sun.cpu.endian" value="little"/>
    <property name="user.home" value="/home/edtoktay"/>
    <property name="user.language" value="en"/>
    <property name="java.specification.vendor" value="Oracle Corporation"/>
    <property name="java.version.date" value="2020-07-14"/>
    <property name="java.home" value="/usr/lib/jvm/java-11-openjdk-amd64"/>
    <property name="file.separator" value="/"/>
    <property name="basedir" value="/home/edtoktay/Development/Workspace_Gambler/spring_framework/pardus-tools-starter-parent/java-utilities"/>
    <property name="java.vm.compressedOopsMode" value="Zero based"/>
    <property name="line.separator" value="&#10;"/>
    <property name="java.specification.name" value="Java Platform API Specification"/>
    <property name="java.vm.specification.vendor" value="Oracle Corporation"/>
    <property name="java.awt.graphicsenv" value="sun.awt.X11GraphicsEnvironment"/>
    <property name="surefire.real.class.path" value="/home/edtoktay/Development/Workspace_Gambler/spring_framework/pardus-tools-starter-parent/java-utilities/target/surefire/surefirebooter11310945065607199317.jar"/>
    <property name="sun.management.compiler" value="HotSpot 64-Bit Tiered Compilers"/>
    <property name="java.runtime.version" value="11.0.8+10-post-Ubuntu-0ubuntu120.04"/>
    <property name="user.name" value="edtoktay"/>
    <property name="path.separator" value=":"/>
    <property name="os.version" value="5.4.0-7642-generic"/>
    <property name="java.runtime.name" value="OpenJDK Runtime Environment"/>
    <property name="file.encoding" value="UTF-8"/>
    <property name="java.vm.name" value="OpenJDK 64-Bit Server VM"/>
    <property name="localRepository" value="/home/edtoktay/.m2/repository"/>
    <property name="java.vendor.url.bug" value="https://bugs.launchpad.net/ubuntu/+source/openjdk-lts"/>
    <property name="java.io.tmpdir" value="/tmp"/>
    <property name="java.version" value="11.0.8"/>
    <property name="user.dir" value="/home/edtoktay/Development/Workspace_Gambler/spring_framework/pardus-tools-starter-parent/java-utilities"/>
    <property name="os.arch" value="amd64"/>
    <property name="java.vm.specification.name" value="Java Virtual Machine Specification"/>
    <property name="java.awt.printerjob" value="sun.print.PSPrinterJob"/>
    <property name="sun.os.patch.level" value="unknown"/>
    <property name="java.library.path" value="/usr/java/packages/lib:/usr/lib/x86_64-linux-gnu/jni:/lib/x86_64-linux-gnu:/usr/lib/x86_64-linux-gnu:/usr/lib/jni:/lib:/usr/lib"/>
    <property name="java.vm.info" value="mixed mode"/>
    <property name="java.vendor" value="Ubuntu"/>
    <property name="java.vm.version" value="11.0.8+10-post-Ubuntu-0ubuntu120.04"/>
    <property name="sun.io.unicode.encoding" value="UnicodeLittle"/>
    <property name="java.class.version" value="55.0"/>
  </properties>
  <testcase name="test_true_1_success" classname="tech.pardus.utilities.test.PAssertsTest" time="0.004"/>
  <testcase name="test_notEmpty_7_success" classname="tech.pardus.utilities.test.PAssertsTest" time="0.011"/>
  <testcase name="test_equals_object_1_success" classname="tech.pardus.utilities.test.PAssertsTest" time="0.001"/>
  <testcase name="test_contains_2_success" classname="tech.pardus.utilities.test.PAssertsTest" time="0.001"/>
  <testcase name="test_false_2_success" classname="tech.pardus.utilities.test.PAssertsTest" time="0"/>
  <testcase name="test_equals_2_success" classname="tech.pardus.utilities.test.PAssertsTest" time="0"/>
  <testcase name="test_notEmpty_2_success" classname="tech.pardus.utilities.test.PAssertsTest" time="0.014"/>
  <testcase name="test_contains_9_success" classname="tech.pardus.utilities.test.PAssertsTest" time="0"/>
  <testcase name="test_true_3_success" classname="tech.pardus.utilities.test.PAssertsTest" time="0.001"/>
  <testcase name="test_notEmpty_9_success" classname="tech.pardus.utilities.test.PAssertsTest" time="0.001"/>
  <testcase name="test_is_null_2_success" classname="tech.pardus.utilities.test.PAssertsTest" time="0.001"/>
  <testcase name="test_equals_object_3_success" classname="tech.pardus.utilities.test.PAssertsTest" time="0.001"/>
  <testcase name="test_hasText_2_success" classname="tech.pardus.utilities.test.PAssertsTest" time="0"/>
  <testcase name="test_contains_1" classname="tech.pardus.utilities.test.PAssertsTest" time="0.002"/>
  <testcase name="test_contains_2" classname="tech.pardus.utilities.test.PAssertsTest" time="0.003"/>
  <testcase name="test_contains_3" classname="tech.pardus.utilities.test.PAssertsTest" time="0.002"/>
  <testcase name="test_contains_4" classname="tech.pardus.utilities.test.PAssertsTest" time="0.001"/>
  <testcase name="test_contains_5" classname="tech.pardus.utilities.test.PAssertsTest" time="0.001"/>
  <testcase name="test_contains_6" classname="tech.pardus.utilities.test.PAssertsTest" time="0.001"/>
  <testcase name="test_contains_7" classname="tech.pardus.utilities.test.PAssertsTest" time="0.001"/>
  <testcase name="test_contains_8" classname="tech.pardus.utilities.test.PAssertsTest" time="0.001"/>
  <testcase name="test_contains_9" classname="tech.pardus.utilities.test.PAssertsTest" time="0.002"/>
  <testcase name="test_contains_4_success" classname="tech.pardus.utilities.test.PAssertsTest" time="0"/>
  <testcase name="test_false_4_success" classname="tech.pardus.utilities.test.PAssertsTest" time="0.001"/>
  <testcase name="test_notEmpty_4_success" classname="tech.pardus.utilities.test.PAssertsTest" time="0.005"/>
  <testcase name="test_noText_1_success" classname="tech.pardus.utilities.test.PAssertsTest" time="0.001"/>
  <testcase name="test_true_5_success" classname="tech.pardus.utilities.test.PAssertsTest" time="0.001"/>
  <testcase name="test_equals_1" classname="tech.pardus.utilities.test.PAssertsTest" time="0.001"/>
  <testcase name="test_equals_2" classname="tech.pardus.utilities.test.PAssertsTest" time="0.001"/>
  <testcase name="test_equals_3" classname="tech.pardus.utilities.test.PAssertsTest" time="0.001"/>
  <testcase name="test_noText_2" classname="tech.pardus.utilities.test.PAssertsTest" time="0.001"/>
  <testcase name="test_noText_3" classname="tech.pardus.utilities.test.PAssertsTest" time="0.001"/>
  <testcase name="test_not_null_1_success" classname="tech.pardus.utilities.test.PAssertsTest" time="0.001"/>
  <testcase name="test_contains_6_success" classname="tech.pardus.utilities.test.PAssertsTest" time="0.001"/>
  <testcase name="test_false_6_success" classname="tech.pardus.utilities.test.PAssertsTest" time="0.001"/>
  <testcase name="test_notEmpty_6_success" classname="tech.pardus.utilities.test.PAssertsTest" time="0.001"/>
  <testcase name="test_true_1" classname="tech.pardus.utilities.test.PAssertsTest" time="0.001"/>
  <testcase name="test_true_2" classname="tech.pardus.utilities.test.PAssertsTest" time="0.001"/>
  <testcase name="test_true_3" classname="tech.pardus.utilities.test.PAssertsTest" time="0.001"/>
  <testcase name="test_true_4" classname="tech.pardus.utilities.test.PAssertsTest" time="0.002"/>
  <testcase name="test_true_5" classname="tech.pardus.utilities.test.PAssertsTest" time="0.001"/>
  <testcase name="test_true_6" classname="tech.pardus.utilities.test.PAssertsTest" time="0.001"/>
  <testcase name="test_hasText_1" classname="tech.pardus.utilities.test.PAssertsTest" time="0"/>
  <testcase name="test_hasText_2" classname="tech.pardus.utilities.test.PAssertsTest" time="0.001"/>
  <testcase name="test_hasText_3" classname="tech.pardus.utilities.test.PAssertsTest" time="0.001"/>
  <testcase name="test_noText_3_success" classname="tech.pardus.utilities.test.PAssertsTest" time="0.001"/>
  <testcase name="test_contains_1_success" classname="tech.pardus.utilities.test.PAssertsTest" time="0"/>
  <testcase name="test_false_1_success" classname="tech.pardus.utilities.test.PAssertsTest" time="0"/>
  <testcase name="test_equals_1_success" classname="tech.pardus.utilities.test.PAssertsTest" time="0.001"/>
  <testcase name="test_notEmpty_1_success" classname="tech.pardus.utilities.test.PAssertsTest" time="0.001"/>
  <testcase name="test_notEmpty_1" classname="tech.pardus.utilities.test.PAssertsTest" time="0.001"/>
  <testcase name="test_notEmpty_2" classname="tech.pardus.utilities.test.PAssertsTest" time="0.001"/>
  <testcase name="test_notEmpty_3" classname="tech.pardus.utilities.test.PAssertsTest" time="0"/>
  <testcase name="test_notEmpty_4" classname="tech.pardus.utilities.test.PAssertsTest" time="0"/>
  <testcase name="test_notEmpty_5" classname="tech.pardus.utilities.test.PAssertsTest" time="0"/>
  <testcase name="test_notEmpty_6" classname="tech.pardus.utilities.test.PAssertsTest" time="0.001"/>
  <testcase name="test_notEmpty_7" classname="tech.pardus.utilities.test.PAssertsTest" time="0.001"/>
  <testcase name="test_notEmpty_8" classname="tech.pardus.utilities.test.PAssertsTest" time="0.001"/>
  <testcase name="test_notEmpty_9" classname="tech.pardus.utilities.test.PAssertsTest" time="0.001"/>
  <testcase name="test_not_null_3_success" classname="tech.pardus.utilities.test.PAssertsTest" time="0"/>
  <testcase name="test_contains_8_success" classname="tech.pardus.utilities.test.PAssertsTest" time="0"/>
  <testcase name="test_true_2_success" classname="tech.pardus.utilities.test.PAssertsTest" time="0.001"/>
  <testcase name="test_notEmpty_8_success" classname="tech.pardus.utilities.test.PAssertsTest" time="0"/>
  <testcase name="test_is_null_1_success" classname="tech.pardus.utilities.test.PAssertsTest" time="0"/>
  <testcase name="test_equals_object_2_success" classname="tech.pardus.utilities.test.PAssertsTest" time="0"/>
  <testcase name="test_hasText_1_success" classname="tech.pardus.utilities.test.PAssertsTest" time="0"/>
  <testcase name="test_contains_3_success" classname="tech.pardus.utilities.test.PAssertsTest" time="0"/>
  <testcase name="test_false_3_success" classname="tech.pardus.utilities.test.PAssertsTest" time="0"/>
  <testcase name="test_equals_3_success" classname="tech.pardus.utilities.test.PAssertsTest" time="0.001"/>
  <testcase name="test_notEmpty_3_success" classname="tech.pardus.utilities.test.PAssertsTest" time="0.001"/>
  <testcase name="test_noText1" classname="tech.pardus.utilities.test.PAssertsTest" time="0"/>
  <testcase name="test_true_4_success" classname="tech.pardus.utilities.test.PAssertsTest" time="0"/>
  <testcase name="test_is_null_3_success" classname="tech.pardus.utilities.test.PAssertsTest" time="0"/>
  <testcase name="test_hasText_3_success" classname="tech.pardus.utilities.test.PAssertsTest" time="0"/>
  <testcase name="test_equals_object_1" classname="tech.pardus.utilities.test.PAssertsTest" time="0"/>
  <testcase name="test_equals_object_2" classname="tech.pardus.utilities.test.PAssertsTest" time="0.001"/>
  <testcase name="test_equals_object_3" classname="tech.pardus.utilities.test.PAssertsTest" time="0.001"/>
  <testcase name="test_contains_5_success" classname="tech.pardus.utilities.test.PAssertsTest" time="0"/>
  <testcase name="test_false_5_success" classname="tech.pardus.utilities.test.PAssertsTest" time="0"/>
  <testcase name="test_notEmpty_5_success" classname="tech.pardus.utilities.test.PAssertsTest" time="0.001"/>
  <testcase name="test_noText_2_success" classname="tech.pardus.utilities.test.PAssertsTest" time="0"/>
  <testcase name="test_true_6_success" classname="tech.pardus.utilities.test.PAssertsTest" time="0"/>
  <testcase name="test_not_null_1" classname="tech.pardus.utilities.test.PAssertsTest" time="0.001"/>
  <testcase name="test_not_null_2" classname="tech.pardus.utilities.test.PAssertsTest" time="0.001"/>
  <testcase name="test_not_null_3" classname="tech.pardus.utilities.test.PAssertsTest" time="0.001"/>
  <testcase name="test_false_1" classname="tech.pardus.utilities.test.PAssertsTest" time="0.001"/>
  <testcase name="test_false_2" classname="tech.pardus.utilities.test.PAssertsTest" time="0.001"/>
  <testcase name="test_false_3" classname="tech.pardus.utilities.test.PAssertsTest" time="0.001"/>
  <testcase name="test_false_4" classname="tech.pardus.utilities.test.PAssertsTest" time="0"/>
  <testcase name="test_false_5" classname="tech.pardus.utilities.test.PAssertsTest" time="0.001"/>
  <testcase name="test_false_6" classname="tech.pardus.utilities.test.PAssertsTest" time="0.001"/>
  <testcase name="test_not_null_2_success" classname="tech.pardus.utilities.test.PAssertsTest" time="0"/>
  <testcase name="test_contains_7_success" classname="tech.pardus.utilities.test.PAssertsTest" time="0"/>
</testsuite>